Determining if the pthread_create exist failed with the following output:
Change Dir: /home/derk/workspace/src/cmake-build-debug/CMakeFiles/CMakeTmp

Run Build Command(s):/usr/bin/make cmTC_2a79a/fast 
/usr/bin/make -f CMakeFiles/cmTC_2a79a.dir/build.make CMakeFiles/cmTC_2a79a.dir/build
make[1]: Map '/home/derk/workspace/src/cmake-build-debug/CMakeFiles/CMakeTmp' wordt binnengegaan
Building C object CMakeFiles/cmTC_2a79a.dir/CheckSymbolExists.c.o
/usr/bin/cc    -o CMakeFiles/cmTC_2a79a.dir/CheckSymbolExists.c.o   -c /home/derk/workspace/src/cmake-build-debug/CMakeFiles/CMakeTmp/CheckSymbolExists.c
Linking C executable cmTC_2a79a
/opt/clion-2019.1.2/bin/cmake/linux/bin/cmake -E cmake_link_script CMakeFiles/cmTC_2a79a.dir/link.txt --verbose=1
/usr/bin/cc      -rdynamic CMakeFiles/cmTC_2a79a.dir/CheckSymbolExists.c.o  -o cmTC_2a79a 
/usr/bin/ld: CMakeFiles/cmTC_2a79a.dir/CheckSymbolExists.c.o: in function `main':
CheckSymbolExists.c:(.text+0x1b): undefined reference to `pthread_create'
collect2: error: ld returned 1 exit status
make[1]: *** [CMakeFiles/cmTC_2a79a.dir/build.make:87: cmTC_2a79a] Fout 1
make[1]: Map '/home/derk/workspace/src/cmake-build-debug/CMakeFiles/CMakeTmp' wordt verlaten
make: *** [Makefile:121: cmTC_2a79a/fast] Fout 2

File /home/derk/workspace/src/cmake-build-debug/CMakeFiles/CMakeTmp/CheckSymbolExists.c:
/* */
#include <pthread.h>

int main(int argc, char** argv)
{
  (void)argv;
#ifndef pthread_create
  return ((int*)(&pthread_create))[argc];
#else
  (void)argc;
  return 0;
#endif
}

Determining if the function pthread_create exists in the pthreads failed with the following output:
Change Dir: /home/derk/workspace/src/cmake-build-debug/CMakeFiles/CMakeTmp

Run Build Command(s):/usr/bin/make cmTC_e694f/fast 
/usr/bin/make -f CMakeFiles/cmTC_e694f.dir/build.make CMakeFiles/cmTC_e694f.dir/build
make[1]: Map '/home/derk/workspace/src/cmake-build-debug/CMakeFiles/CMakeTmp' wordt binnengegaan
Building C object CMakeFiles/cmTC_e694f.dir/CheckFunctionExists.c.o
/usr/bin/cc   -DCHECK_FUNCTION_EXISTS=pthread_create   -o CMakeFiles/cmTC_e694f.dir/CheckFunctionExists.c.o   -c /opt/clion-2019.1.2/bin/cmake/linux/share/cmake-3.14/Modules/CheckFunctionExists.c
Linking C executable cmTC_e694f
/opt/clion-2019.1.2/bin/cmake/linux/bin/cmake -E cmake_link_script CMakeFiles/cmTC_e694f.dir/link.txt --verbose=1
/usr/bin/cc  -DCHECK_FUNCTION_EXISTS=pthread_create    -rdynamic CMakeFiles/cmTC_e694f.dir/CheckFunctionExists.c.o  -o cmTC_e694f -lpthreads 
/usr/bin/ld: cannot find -lpthreads
collect2: error: ld returned 1 exit status
make[1]: *** [CMakeFiles/cmTC_e694f.dir/build.make:87: cmTC_e694f] Fout 1
make[1]: Map '/home/derk/workspace/src/cmake-build-debug/CMakeFiles/CMakeTmp' wordt verlaten
make: *** [Makefile:121: cmTC_e694f/fast] Fout 2


